TN:
SF:src/features/articles/articlesSlice.ts
FN:46,enhancePosts
FN:66,mergeAndSort
FN:100,lookupHeadline
FN:176,filterByKeyword
FN:191,addLocalArticle
FN:222,removeFollower
FN:230,resetArticles
FN:239,extraReducers
FN:287,selectAllArticles
FN:289,selectFilteredArticles
FN:291,selectFollowingIds
FN:293,selectArticlesError
FN:295,selectArticlesStatus
FNF:13
FNH:12
FNDA:34,enhancePosts
FNDA:10,mergeAndSort
FNDA:33,lookupHeadline
FNDA:3,filterByKeyword
FNDA:2,addLocalArticle
FNDA:1,removeFollower
FNDA:1,resetArticles
FNDA:3,extraReducers
FNDA:8,selectAllArticles
FNDA:4,selectFilteredArticles
FNDA:2,selectFollowingIds
FNDA:2,selectArticlesError
FNDA:0,selectArticlesStatus
DA:1,1
DA:2,1
DA:3,1
DA:4,1
DA:5,1
DA:6,1
DA:7,1
DA:8,1
DA:9,1
DA:10,1
DA:11,1
DA:12,1
DA:13,1
DA:14,1
DA:15,1
DA:16,1
DA:17,1
DA:18,1
DA:19,1
DA:20,1
DA:21,1
DA:22,1
DA:23,1
DA:24,1
DA:25,1
DA:26,1
DA:27,1
DA:28,1
DA:29,1
DA:30,1
DA:31,1
DA:32,1
DA:33,1
DA:34,1
DA:35,1
DA:36,1
DA:37,1
DA:38,1
DA:39,1
DA:40,1
DA:41,1
DA:42,1
DA:43,1
DA:44,1
DA:45,1
DA:46,1
DA:47,34
DA:48,34
DA:49,34
DA:50,34
DA:51,34
DA:52,34
DA:53,41
DA:54,41
DA:55,41
DA:56,41
DA:57,41
DA:58,41
DA:59,41
DA:60,41
DA:61,34
DA:62,34
DA:63,34
DA:64,34
DA:65,1
DA:66,1
DA:67,10
DA:68,10
DA:69,10
DA:70,10
DA:71,1
DA:72,1
DA:73,1
DA:74,1
DA:75,1
DA:76,1
DA:77,10
DA:78,10
DA:79,10
DA:80,1
DA:81,1
DA:82,9
DA:83,9
DA:84,9
DA:85,9
DA:86,9
DA:87,9
DA:88,10
DA:89,8
DA:90,8
DA:91,24
DA:92,24
DA:93,24
DA:94,24
DA:95,8
DA:96,8
DA:97,24
DA:98,8
DA:99,9
DA:100,9
DA:101,33
DA:102,0
DA:103,0
DA:104,9
DA:105,9
DA:106,9
DA:107,9
DA:108,9
DA:109,9
DA:110,9
DA:111,9
DA:112,10
DA:113,24
DA:114,24
DA:115,0
DA:116,0
DA:117,24
DA:118,24
DA:119,24
DA:120,24
DA:121,24
DA:122,24
DA:123,24
DA:124,24
DA:125,24
DA:126,9
DA:127,9
DA:128,9
DA:129,9
DA:130,9
DA:131,9
DA:132,1
DA:133,1
DA:134,1
DA:135,1
DA:136,1
DA:137,1
DA:138,1
DA:139,1
DA:140,2
DA:141,2
DA:142,0
DA:143,0
DA:144,2
DA:145,2
DA:146,2
DA:147,2
DA:148,2
DA:149,2
DA:150,2
DA:151,2
DA:152,1
DA:153,1
DA:154,1
DA:155,2
DA:156,0
DA:157,0
DA:158,1
DA:159,1
DA:160,1
DA:161,1
DA:162,0
DA:163,0
DA:164,2
DA:165,2
DA:166,2
DA:167,2
DA:168,1
DA:169,2
DA:170,1
DA:171,1
DA:172,1
DA:173,1
DA:174,1
DA:175,1
DA:176,1
DA:177,3
DA:178,3
DA:179,3
DA:180,0
DA:181,0
DA:182,0
DA:183,3
DA:184,10
DA:185,10
DA:186,7
DA:187,7
DA:188,10
DA:189,3
DA:190,3
DA:191,1
DA:192,2
DA:193,2
DA:194,2
DA:195,2
DA:196,2
DA:197,2
DA:198,2
DA:199,2
DA:200,2
DA:201,2
DA:202,2
DA:203,2
DA:204,2
DA:205,2
DA:206,2
DA:207,2
DA:208,2
DA:209,2
DA:210,2
DA:211,2
DA:212,2
DA:213,2
DA:214,2
DA:215,1
DA:216,1
DA:217,1
DA:218,2
DA:219,1
DA:220,1
DA:221,2
DA:222,1
DA:223,1
DA:224,1
DA:225,1
DA:226,1
DA:227,1
DA:228,1
DA:229,1
DA:230,1
DA:231,1
DA:232,1
DA:233,1
DA:234,1
DA:235,1
DA:236,1
DA:237,1
DA:238,1
DA:239,1
DA:240,3
DA:241,3
DA:242,10
DA:243,10
DA:244,3
DA:245,3
DA:246,9
DA:247,9
DA:248,9
DA:249,9
DA:250,9
DA:251,3
DA:252,3
DA:253,1
DA:254,1
DA:255,3
DA:256,3
DA:257,1
DA:258,1
DA:259,1
DA:260,1
DA:261,0
DA:262,0
DA:263,0
DA:264,0
DA:265,0
DA:266,0
DA:267,0
DA:268,0
DA:269,1
DA:270,3
DA:271,3
DA:272,1
DA:273,3
DA:274,3
DA:275,2
DA:276,3
DA:277,3
DA:278,1
DA:279,1
DA:280,1
DA:281,1
DA:282,1
DA:283,1
DA:284,1
DA:285,1
DA:286,1
DA:287,1
DA:288,8
DA:289,1
DA:290,4
DA:291,1
DA:292,2
DA:293,1
DA:294,2
DA:295,1
DA:296,0
DA:297,1
DA:298,1
LF:298
LH:276
BRDA:46,0,0,34
BRDA:52,1,0,41
BRDA:66,2,0,10
BRDA:69,3,0,81
BRDA:69,4,0,11
BRDA:69,5,0,70
BRDA:76,6,0,10
BRDA:79,7,0,1
BRDA:81,8,0,9
BRDA:88,9,0,8
BRDA:90,10,0,24
BRDA:94,11,0,8
BRDA:98,12,0,9
BRDA:112,13,0,24
BRDA:114,14,0,0
BRDA:125,15,0,9
BRDA:89,16,0,40
BRDA:100,17,0,33
BRDA:101,18,0,0
BRDA:102,19,0,0
BRDA:113,20,0,72
BRDA:139,21,0,2
BRDA:141,22,0,0
BRDA:151,23,0,1
BRDA:155,24,0,0
BRDA:157,25,0,1
BRDA:161,26,0,0
BRDA:162,27,0,0
BRDA:167,28,0,1
BRDA:148,29,0,10
BRDA:176,30,0,3
BRDA:179,31,0,0
BRDA:183,32,0,10
BRDA:185,33,0,7
BRDA:186,34,0,7
BRDA:191,35,0,2
BRDA:214,36,0,1
BRDA:215,37,0,1
BRDA:216,38,0,1
BRDA:218,39,0,1
BRDA:219,40,0,1
BRDA:222,41,0,1
BRDA:224,42,0,3
BRDA:225,43,0,5
BRDA:227,44,0,5
BRDA:230,45,0,1
BRDA:239,46,0,3
BRDA:241,47,0,10
BRDA:245,48,0,9
BRDA:252,49,0,1
BRDA:254,50,0,0
BRDA:256,51,0,1
BRDA:260,52,0,0
BRDA:271,53,0,1
BRDA:272,54,0,0
BRDA:274,55,0,2
BRDA:287,56,0,8
BRDA:289,57,0,4
BRDA:291,58,0,2
BRDA:293,59,0,2
BRF:60
BRH:49
end_of_record
TN:
SF:src/features/auth/authSlice.ts
FN:63,normalizeUsername
FN:73,login
FN:100,logout
FN:105,register
FN:150,updateHeadline
FN:179,updateProfile
FN:223,resetAuthErrors
FN:228,extraReducers
FN:290,selectUsers
FN:291,selectAuthStatus
FN:292,selectCurrentUserId
FN:294,selectCurrentUser
FN:296,selectLoginError
FN:297,selectRegistrationError
FN:299,selectHeadline
FN:306,selectHeadlineByUserId
FN:308,selectPlaceholderUserIds
FNF:17
FNH:15
FNDA:60,normalizeUsername
FNDA:17,login
FNDA:1,logout
FNDA:5,register
FNDA:2,updateHeadline
FNDA:2,updateProfile
FNDA:1,resetAuthErrors
FNDA:3,extraReducers
FNDA:13,selectUsers
FNDA:0,selectAuthStatus
FNDA:0,selectCurrentUserId
FNDA:20,selectCurrentUser
FNDA:3,selectLoginError
FNDA:2,selectRegistrationError
FNDA:4,selectHeadline
FNDA:34,selectHeadlineByUserId
FNDA:9,selectPlaceholderUserIds
DA:1,1
DA:2,1
DA:3,1
DA:4,1
DA:5,1
DA:6,1
DA:7,1
DA:8,1
DA:9,1
DA:10,1
DA:11,1
DA:12,1
DA:13,1
DA:14,1
DA:15,1
DA:16,1
DA:17,1
DA:18,1
DA:19,1
DA:20,1
DA:21,1
DA:22,1
DA:23,1
DA:24,1
DA:25,1
DA:26,1
DA:27,1
DA:28,1
DA:29,1
DA:30,1
DA:31,1
DA:32,1
DA:33,1
DA:34,1
DA:35,1
DA:36,1
DA:37,1
DA:38,1
DA:39,1
DA:40,1
DA:41,1
DA:42,1
DA:43,1
DA:44,1
DA:45,1
DA:46,1
DA:47,1
DA:48,1
DA:49,1
DA:50,1
DA:51,1
DA:52,1
DA:53,1
DA:54,1
DA:55,1
DA:56,1
DA:57,1
DA:58,0
DA:59,0
DA:60,0
DA:61,1
DA:62,1
DA:63,1
DA:64,1
DA:65,1
DA:66,1
DA:67,1
DA:68,1
DA:69,1
DA:70,1
DA:71,1
DA:72,1
DA:73,1
DA:74,17
DA:75,17
DA:76,17
DA:77,17
DA:78,17
DA:79,17
DA:80,17
DA:81,0
DA:82,0
DA:83,0
DA:84,17
DA:85,17
DA:86,17
DA:87,2
DA:88,2
DA:89,2
DA:90,15
DA:91,15
DA:92,15
DA:93,15
DA:94,17
DA:95,0
DA:96,0
DA:97,15
DA:98,15
DA:99,17
DA:100,1
DA:101,1
DA:102,1
DA:103,1
DA:104,1
DA:105,1
DA:106,5
DA:107,5
DA:108,5
DA:109,5
DA:110,5
DA:111,5
DA:112,5
DA:113,5
DA:114,1
DA:115,1
DA:116,1
DA:117,4
DA:118,4
DA:119,4
DA:120,0
DA:121,5
DA:122,5
DA:123,5
DA:124,5
DA:125,5
DA:126,5
DA:127,5
DA:128,5
DA:129,5
DA:130,5
DA:131,5
DA:132,5
DA:133,5
DA:134,5
DA:135,5
DA:136,5
DA:137,5
DA:138,5
DA:139,5
DA:140,5
DA:141,5
DA:142,5
DA:143,5
DA:144,5
DA:145,5
DA:146,5
DA:147,5
DA:148,5
DA:149,5
DA:150,1
DA:151,2
DA:152,2
DA:153,1
DA:154,1
DA:155,1
DA:156,1
DA:157,1
DA:158,1
DA:159,1
DA:160,1
DA:161,1
DA:162,1
DA:163,1
DA:164,1
DA:165,1
DA:166,0
DA:167,0
DA:168,0
DA:169,0
DA:170,0
DA:171,0
DA:172,0
DA:173,0
DA:174,0
DA:175,0
DA:176,1
DA:177,1
DA:178,2
DA:179,1
DA:180,2
DA:181,1
DA:182,1
DA:183,1
DA:184,1
DA:185,1
DA:186,1
DA:187,2
DA:188,0
DA:189,0
DA:190,1
DA:191,1
DA:192,2
DA:193,0
DA:194,0
DA:195,1
DA:196,1
DA:197,1
DA:198,1
DA:199,1
DA:200,1
DA:201,1
DA:202,1
DA:203,1
DA:204,1
DA:205,1
DA:206,1
DA:207,1
DA:208,1
DA:209,1
DA:210,1
DA:211,1
DA:212,1
DA:213,1
DA:214,1
DA:215,1
DA:216,1
DA:217,1
DA:218,0
DA:219,1
DA:220,1
DA:221,1
DA:222,2
DA:223,1
DA:224,1
DA:225,1
DA:226,1
DA:227,1
DA:228,1
DA:229,3
DA:230,3
DA:231,1
DA:232,3
DA:233,3
DA:234,27
DA:235,27
DA:236,27
DA:237,27
DA:238,135
DA:239,135
DA:240,135
DA:241,27
DA:242,27
DA:243,27
DA:244,27
DA:245,27
DA:246,27
DA:247,27
DA:248,27
DA:249,27
DA:250,27
DA:251,27
DA:252,27
DA:253,27
DA:254,2
DA:255,1
DA:256,1
DA:257,1
DA:258,5
DA:259,1
DA:260,1
DA:261,2
DA:262,2
DA:263,27
DA:264,27
DA:265,27
DA:266,27
DA:267,3
DA:268,3
DA:269,3
DA:270,3
DA:271,3
DA:272,3
DA:273,3
DA:274,3
DA:275,3
DA:276,1
DA:277,3
DA:278,3
DA:279,1
DA:280,1
DA:281,1
DA:282,1
DA:283,1
DA:284,1
DA:285,1
DA:286,1
DA:287,1
DA:288,1
DA:289,1
DA:290,1
DA:291,1
DA:292,1
DA:293,0
DA:294,1
DA:295,20
DA:296,1
DA:297,1
DA:298,2
DA:299,1
DA:300,4
DA:301,4
DA:302,0
DA:303,0
DA:304,4
DA:305,4
DA:306,1
DA:307,34
DA:308,1
DA:309,9
DA:310,1
DA:311,1
LF:311
LH:284
BRDA:63,0,0,60
BRDA:73,1,0,17
BRDA:80,2,0,0
BRDA:86,3,0,2
BRDA:89,4,0,15
BRDA:94,5,0,0
BRDA:96,6,0,15
BRDA:77,7,0,17
BRDA:100,8,0,1
BRDA:105,9,0,5
BRDA:113,10,0,1
BRDA:116,11,0,4
BRDA:119,12,0,0
BRDA:110,13,0,21
BRDA:119,14,0,20
BRDA:150,15,0,2
BRDA:152,16,0,1
BRDA:165,17,0,0
BRDA:158,18,0,1
BRDA:179,19,0,2
BRDA:180,20,0,1
BRDA:187,21,0,0
BRDA:189,22,0,1
BRDA:192,23,0,0
BRDA:194,24,0,1
BRDA:185,25,0,6
BRDA:208,26,0,1
BRDA:217,27,0,0
BRDA:223,28,0,1
BRDA:228,29,0,3
BRDA:230,30,0,1
BRDA:233,31,0,27
BRDA:266,32,0,3
BRDA:237,33,0,135
BRDA:243,34,0,135
BRDA:253,35,0,2
BRDA:254,36,0,1
BRDA:254,37,0,7
BRDA:257,38,0,5
BRDA:258,39,0,1
BRDA:258,40,0,4
BRDA:268,41,0,8
BRDA:275,42,0,1
BRDA:290,43,0,13
BRDA:294,44,0,20
BRDA:295,45,0,5
BRDA:295,46,0,55
BRDA:296,47,0,3
BRDA:297,48,0,2
BRDA:299,49,0,4
BRDA:301,50,0,0
BRDA:304,51,0,0
BRDA:306,52,0,34
BRDA:307,53,0,0
BRDA:308,54,0,9
BRF:55
BRH:45
end_of_record
